{"total": {"lines":{"total":4108,"covered":1427,"skipped":0,"pct":34.74},"statements":{"total":4286,"covered":1467,"skipped":0,"pct":34.23},"functions":{"total":1080,"covered":387,"skipped":0,"pct":35.83},"branches":{"total":2208,"covered":395,"skipped":0,"pct":17.89}}
,"/Users/will/Library/Mobile Documents/com~apple~CloudDocs/Projects/Stellar/@stellar/src/components/theme.tsx": {"lines":{"total":4,"covered":3,"skipped":0,"pct":75},"functions":{"total":1,"covered":0,"skipped":0,"pct":0},"statements":{"total":4,"covered":3,"skipped":0,"pct":75},"branches":{"total":0,"covered":0,"skipped":0,"pct":100}}
,"/Users/will/Library/Mobile Documents/com~apple~CloudDocs/Projects/Stellar/@stellar/src/components/forms/button/button.tsx": {"lines":{"total":55,"covered":30,"skipped":0,"pct":54.55},"functions":{"total":15,"covered":4,"skipped":0,"pct":26.67},"statements":{"total":55,"covered":30,"skipped":0,"pct":54.55},"branches":{"total":36,"covered":9,"skipped":0,"pct":25}}
,"/Users/will/Library/Mobile Documents/com~apple~CloudDocs/Projects/Stellar/@stellar/src/components/forms/color-picker/color-picker.tsx": {"lines":{"total":19,"covered":14,"skipped":0,"pct":73.68},"functions":{"total":9,"covered":5,"skipped":0,"pct":55.56},"statements":{"total":19,"covered":14,"skipped":0,"pct":73.68},"branches":{"total":2,"covered":2,"skipped":0,"pct":100}}
,"/Users/will/Library/Mobile Documents/com~apple~CloudDocs/Projects/Stellar/@stellar/src/components/forms/form/form.tsx": {"lines":{"total":38,"covered":10,"skipped":0,"pct":26.32},"functions":{"total":11,"covered":2,"skipped":0,"pct":18.18},"statements":{"total":41,"covered":10,"skipped":0,"pct":24.39},"branches":{"total":14,"covered":0,"skipped":0,"pct":0}}
,"/Users/will/Library/Mobile Documents/com~apple~CloudDocs/Projects/Stellar/@stellar/src/components/forms/input/input.tsx": {"lines":{"total":225,"covered":72,"skipped":0,"pct":32},"functions":{"total":88,"covered":20,"skipped":0,"pct":22.73},"statements":{"total":252,"covered":72,"skipped":0,"pct":28.57},"branches":{"total":160,"covered":44,"skipped":0,"pct":27.5}}
,"/Users/will/Library/Mobile Documents/com~apple~CloudDocs/Projects/Stellar/@stellar/src/components/forms/input/lib/helpers.ts": {"lines":{"total":22,"covered":15,"skipped":0,"pct":68.18},"functions":{"total":10,"covered":5,"skipped":0,"pct":50},"statements":{"total":29,"covered":15,"skipped":0,"pct":51.72},"branches":{"total":11,"covered":5,"skipped":0,"pct":45.45}}
,"/Users/will/Library/Mobile Documents/com~apple~CloudDocs/Projects/Stellar/@stellar/src/components/forms/input/lib/index.ts": {"lines":{"total":3,"covered":3,"skipped":0,"pct":100},"functions":{"total":0,"covered":0,"skipped":0,"pct":100},"statements":{"total":9,"covered":9,"skipped":0,"pct":100},"branches":{"total":0,"covered":0,"skipped":0,"pct":100}}
,"/Users/will/Library/Mobile Documents/com~apple~CloudDocs/Projects/Stellar/@stellar/src/components/forms/input/lib/tokenfield.ts": {"lines":{"total":1050,"covered":52,"skipped":0,"pct":4.95},"functions":{"total":167,"covered":12,"skipped":0,"pct":7.19},"statements":{"total":1106,"covered":68,"skipped":0,"pct":6.15},"branches":{"total":757,"covered":20,"skipped":0,"pct":2.64}}
,"/Users/will/Library/Mobile Documents/com~apple~CloudDocs/Projects/Stellar/@stellar/src/components/forms/input/lib/validator.ts": {"lines":{"total":78,"covered":10,"skipped":0,"pct":12.82},"functions":{"total":15,"covered":2,"skipped":0,"pct":13.33},"statements":{"total":78,"covered":10,"skipped":0,"pct":12.82},"branches":{"total":52,"covered":3,"skipped":0,"pct":5.77}}
,"/Users/will/Library/Mobile Documents/com~apple~CloudDocs/Projects/Stellar/@stellar/src/components/forms/item/item.tsx": {"lines":{"total":65,"covered":26,"skipped":0,"pct":40},"functions":{"total":18,"covered":4,"skipped":0,"pct":22.22},"statements":{"total":67,"covered":26,"skipped":0,"pct":38.81},"branches":{"total":29,"covered":3,"skipped":0,"pct":10.34}}
,"/Users/will/Library/Mobile Documents/com~apple~CloudDocs/Projects/Stellar/@stellar/src/components/forms/label/label.tsx": {"lines":{"total":6,"covered":6,"skipped":0,"pct":100},"functions":{"total":2,"covered":2,"skipped":0,"pct":100},"statements":{"total":6,"covered":6,"skipped":0,"pct":100},"branches":{"total":0,"covered":0,"skipped":0,"pct":100}}
,"/Users/will/Library/Mobile Documents/com~apple~CloudDocs/Projects/Stellar/@stellar/src/components/forms/password-requirements/password-requirements.tsx": {"lines":{"total":46,"covered":28,"skipped":0,"pct":60.87},"functions":{"total":15,"covered":12,"skipped":0,"pct":80},"statements":{"total":46,"covered":28,"skipped":0,"pct":60.87},"branches":{"total":42,"covered":20,"skipped":0,"pct":47.62}}
,"/Users/will/Library/Mobile Documents/com~apple~CloudDocs/Projects/Stellar/@stellar/src/components/forms/progress/progress.tsx": {"lines":{"total":47,"covered":26,"skipped":0,"pct":55.32},"functions":{"total":9,"covered":4,"skipped":0,"pct":44.44},"statements":{"total":48,"covered":26,"skipped":0,"pct":54.17},"branches":{"total":24,"covered":6,"skipped":0,"pct":25}}
,"/Users/will/Library/Mobile Documents/com~apple~CloudDocs/Projects/Stellar/@stellar/src/components/forms/select/select.tsx": {"lines":{"total":202,"covered":33,"skipped":0,"pct":16.34},"functions":{"total":54,"covered":8,"skipped":0,"pct":14.81},"statements":{"total":206,"covered":33,"skipped":0,"pct":16.02},"branches":{"total":126,"covered":12,"skipped":0,"pct":9.52}}
,"/Users/will/Library/Mobile Documents/com~apple~CloudDocs/Projects/Stellar/@stellar/src/components/forms/switch/switch.tsx": {"lines":{"total":22,"covered":10,"skipped":0,"pct":45.45},"functions":{"total":8,"covered":3,"skipped":0,"pct":37.5},"statements":{"total":22,"covered":10,"skipped":0,"pct":45.45},"branches":{"total":10,"covered":2,"skipped":0,"pct":20}}
,"/Users/will/Library/Mobile Documents/com~apple~CloudDocs/Projects/Stellar/@stellar/src/components/forms/toggle/toggle.tsx": {"lines":{"total":46,"covered":18,"skipped":0,"pct":39.13},"functions":{"total":15,"covered":5,"skipped":0,"pct":33.33},"statements":{"total":47,"covered":18,"skipped":0,"pct":38.3},"branches":{"total":32,"covered":6,"skipped":0,"pct":18.75}}
,"/Users/will/Library/Mobile Documents/com~apple~CloudDocs/Projects/Stellar/@stellar/src/components/forms/toggle-option/toggle-option.tsx": {"lines":{"total":53,"covered":28,"skipped":0,"pct":52.83},"functions":{"total":21,"covered":8,"skipped":0,"pct":38.1},"statements":{"total":57,"covered":28,"skipped":0,"pct":49.12},"branches":{"total":42,"covered":15,"skipped":0,"pct":35.71}}
,"/Users/will/Library/Mobile Documents/com~apple~CloudDocs/Projects/Stellar/@stellar/src/components/helpers/auto-scroll/auto-scroll.tsx": {"lines":{"total":16,"covered":6,"skipped":0,"pct":37.5},"functions":{"total":5,"covered":2,"skipped":0,"pct":40},"statements":{"total":16,"covered":6,"skipped":0,"pct":37.5},"branches":{"total":6,"covered":1,"skipped":0,"pct":16.67}}
,"/Users/will/Library/Mobile Documents/com~apple~CloudDocs/Projects/Stellar/@stellar/src/components/helpers/chart/chart.tsx": {"lines":{"total":39,"covered":29,"skipped":0,"pct":74.36},"functions":{"total":24,"covered":19,"skipped":0,"pct":79.17},"statements":{"total":52,"covered":42,"skipped":0,"pct":80.77},"branches":{"total":8,"covered":3,"skipped":0,"pct":37.5}}
,"/Users/will/Library/Mobile Documents/com~apple~CloudDocs/Projects/Stellar/@stellar/src/components/helpers/chart/options.ts": {"lines":{"total":10,"covered":5,"skipped":0,"pct":50},"functions":{"total":2,"covered":0,"skipped":0,"pct":0},"statements":{"total":10,"covered":5,"skipped":0,"pct":50},"branches":{"total":6,"covered":0,"skipped":0,"pct":0}}
,"/Users/will/Library/Mobile Documents/com~apple~CloudDocs/Projects/Stellar/@stellar/src/components/helpers/clock/clock.tsx": {"lines":{"total":31,"covered":15,"skipped":0,"pct":48.39},"functions":{"total":14,"covered":7,"skipped":0,"pct":50},"statements":{"total":31,"covered":15,"skipped":0,"pct":48.39},"branches":{"total":33,"covered":9,"skipped":0,"pct":27.27}}
,"/Users/will/Library/Mobile Documents/com~apple~CloudDocs/Projects/Stellar/@stellar/src/components/helpers/code/code.tsx": {"lines":{"total":58,"covered":38,"skipped":0,"pct":65.52},"functions":{"total":20,"covered":8,"skipped":0,"pct":40},"statements":{"total":59,"covered":38,"skipped":0,"pct":64.41},"branches":{"total":18,"covered":11,"skipped":0,"pct":61.11}}
,"/Users/will/Library/Mobile Documents/com~apple~CloudDocs/Projects/Stellar/@stellar/src/components/helpers/color-library/color-library.tsx": {"lines":{"total":11,"covered":10,"skipped":0,"pct":90.91},"functions":{"total":6,"covered":6,"skipped":0,"pct":100},"statements":{"total":12,"covered":11,"skipped":0,"pct":91.67},"branches":{"total":40,"covered":38,"skipped":0,"pct":95}}
,"/Users/will/Library/Mobile Documents/com~apple~CloudDocs/Projects/Stellar/@stellar/src/components/helpers/context/context.tsx": {"lines":{"total":25,"covered":5,"skipped":0,"pct":20},"functions":{"total":9,"covered":2,"skipped":0,"pct":22.22},"statements":{"total":26,"covered":5,"skipped":0,"pct":19.23},"branches":{"total":8,"covered":2,"skipped":0,"pct":25}}
,"/Users/will/Library/Mobile Documents/com~apple~CloudDocs/Projects/Stellar/@stellar/src/components/helpers/horizontal-scroll/horizontal-scroll.tsx": {"lines":{"total":3,"covered":2,"skipped":0,"pct":66.67},"functions":{"total":1,"covered":0,"skipped":0,"pct":0},"statements":{"total":3,"covered":2,"skipped":0,"pct":66.67},"branches":{"total":0,"covered":0,"skipped":0,"pct":100}}
,"/Users/will/Library/Mobile Documents/com~apple~CloudDocs/Projects/Stellar/@stellar/src/components/helpers/intersection/intersection.tsx": {"lines":{"total":24,"covered":10,"skipped":0,"pct":41.67},"functions":{"total":8,"covered":3,"skipped":0,"pct":37.5},"statements":{"total":24,"covered":10,"skipped":0,"pct":41.67},"branches":{"total":16,"covered":2,"skipped":0,"pct":12.5}}
,"/Users/will/Library/Mobile Documents/com~apple~CloudDocs/Projects/Stellar/@stellar/src/components/helpers/interstitial/interstitial.tsx": {"lines":{"total":11,"covered":4,"skipped":0,"pct":36.36},"functions":{"total":4,"covered":1,"skipped":0,"pct":25},"statements":{"total":11,"covered":4,"skipped":0,"pct":36.36},"branches":{"total":8,"covered":0,"skipped":0,"pct":0}}
,"/Users/will/Library/Mobile Documents/com~apple~CloudDocs/Projects/Stellar/@stellar/src/components/helpers/long-shadow/long-shadow.tsx": {"lines":{"total":20,"covered":10,"skipped":0,"pct":50},"functions":{"total":8,"covered":3,"skipped":0,"pct":37.5},"statements":{"total":20,"covered":10,"skipped":0,"pct":50},"branches":{"total":4,"covered":0,"skipped":0,"pct":0}}
,"/Users/will/Library/Mobile Documents/com~apple~CloudDocs/Projects/Stellar/@stellar/src/components/helpers/map/map.tsx": {"lines":{"total":47,"covered":3,"skipped":0,"pct":6.38},"functions":{"total":12,"covered":0,"skipped":0,"pct":0},"statements":{"total":48,"covered":3,"skipped":0,"pct":6.25},"branches":{"total":17,"covered":0,"skipped":0,"pct":0}}
,"/Users/will/Library/Mobile Documents/com~apple~CloudDocs/Projects/Stellar/@stellar/src/components/helpers/map-marker/marker.tsx": {"lines":{"total":17,"covered":1,"skipped":0,"pct":5.88},"functions":{"total":5,"covered":0,"skipped":0,"pct":0},"statements":{"total":17,"covered":1,"skipped":0,"pct":5.88},"branches":{"total":12,"covered":0,"skipped":0,"pct":0}}
,"/Users/will/Library/Mobile Documents/com~apple~CloudDocs/Projects/Stellar/@stellar/src/components/helpers/markdown/markdown.tsx": {"lines":{"total":40,"covered":28,"skipped":0,"pct":70},"functions":{"total":11,"covered":7,"skipped":0,"pct":63.64},"statements":{"total":41,"covered":28,"skipped":0,"pct":68.29},"branches":{"total":8,"covered":4,"skipped":0,"pct":50}}
,"/Users/will/Library/Mobile Documents/com~apple~CloudDocs/Projects/Stellar/@stellar/src/components/helpers/mouse-trail/mouse-trail.tsx": {"lines":{"total":36,"covered":33,"skipped":0,"pct":91.67},"functions":{"total":9,"covered":8,"skipped":0,"pct":88.89},"statements":{"total":37,"covered":34,"skipped":0,"pct":91.89},"branches":{"total":4,"covered":3,"skipped":0,"pct":75}}
,"/Users/will/Library/Mobile Documents/com~apple~CloudDocs/Projects/Stellar/@stellar/src/components/helpers/pjax/pjax.tsx": {"lines":{"total":5,"covered":3,"skipped":0,"pct":60},"functions":{"total":2,"covered":0,"skipped":0,"pct":0},"statements":{"total":5,"covered":3,"skipped":0,"pct":60},"branches":{"total":0,"covered":0,"skipped":0,"pct":100}}
,"/Users/will/Library/Mobile Documents/com~apple~CloudDocs/Projects/Stellar/@stellar/src/components/helpers/reveal/reveal.tsx": {"lines":{"total":11,"covered":10,"skipped":0,"pct":90.91},"functions":{"total":4,"covered":3,"skipped":0,"pct":75},"statements":{"total":11,"covered":10,"skipped":0,"pct":90.91},"branches":{"total":4,"covered":3,"skipped":0,"pct":75}}
,"/Users/will/Library/Mobile Documents/com~apple~CloudDocs/Projects/Stellar/@stellar/src/components/helpers/reveal-list/reveal-list.tsx": {"lines":{"total":24,"covered":11,"skipped":0,"pct":45.83},"functions":{"total":8,"covered":3,"skipped":0,"pct":37.5},"statements":{"total":24,"covered":11,"skipped":0,"pct":45.83},"branches":{"total":0,"covered":0,"skipped":0,"pct":100}}
,"/Users/will/Library/Mobile Documents/com~apple~CloudDocs/Projects/Stellar/@stellar/src/components/helpers/scatter/scatter.tsx": {"lines":{"total":22,"covered":10,"skipped":0,"pct":45.45},"functions":{"total":9,"covered":3,"skipped":0,"pct":33.33},"statements":{"total":22,"covered":10,"skipped":0,"pct":45.45},"branches":{"total":7,"covered":0,"skipped":0,"pct":0}}
,"/Users/will/Library/Mobile Documents/com~apple~CloudDocs/Projects/Stellar/@stellar/src/components/helpers/scroll-z-root/scroll-z-root.tsx": {"lines":{"total":45,"covered":28,"skipped":0,"pct":62.22},"functions":{"total":10,"covered":6,"skipped":0,"pct":60},"statements":{"total":45,"covered":28,"skipped":0,"pct":62.22},"branches":{"total":2,"covered":0,"skipped":0,"pct":0}}
,"/Users/will/Library/Mobile Documents/com~apple~CloudDocs/Projects/Stellar/@stellar/src/components/helpers/scroll-z-section/scroll-z-section.tsx": {"lines":{"total":1,"covered":1,"skipped":0,"pct":100},"functions":{"total":0,"covered":0,"skipped":0,"pct":100},"statements":{"total":1,"covered":1,"skipped":0,"pct":100},"branches":{"total":0,"covered":0,"skipped":0,"pct":100}}
,"/Users/will/Library/Mobile Documents/com~apple~CloudDocs/Projects/Stellar/@stellar/src/components/helpers/starscape/starscape.tsx": {"lines":{"total":3,"covered":3,"skipped":0,"pct":100},"functions":{"total":1,"covered":1,"skipped":0,"pct":100},"statements":{"total":3,"covered":3,"skipped":0,"pct":100},"branches":{"total":0,"covered":0,"skipped":0,"pct":100}}
,"/Users/will/Library/Mobile Documents/com~apple~CloudDocs/Projects/Stellar/@stellar/src/components/helpers/story/story.tsx": {"lines":{"total":4,"covered":4,"skipped":0,"pct":100},"functions":{"total":2,"covered":2,"skipped":0,"pct":100},"statements":{"total":4,"covered":4,"skipped":0,"pct":100},"branches":{"total":0,"covered":0,"skipped":0,"pct":100}}
,"/Users/will/Library/Mobile Documents/com~apple~CloudDocs/Projects/Stellar/@stellar/src/components/helpers/stripe/config.ts": {"lines":{"total":2,"covered":2,"skipped":0,"pct":100},"functions":{"total":0,"covered":0,"skipped":0,"pct":100},"statements":{"total":2,"covered":2,"skipped":0,"pct":100},"branches":{"total":0,"covered":0,"skipped":0,"pct":100}}
,"/Users/will/Library/Mobile Documents/com~apple~CloudDocs/Projects/Stellar/@stellar/src/components/helpers/stripe/stripe.tsx": {"lines":{"total":37,"covered":14,"skipped":0,"pct":37.84},"functions":{"total":15,"covered":7,"skipped":0,"pct":46.67},"statements":{"total":37,"covered":14,"skipped":0,"pct":37.84},"branches":{"total":10,"covered":2,"skipped":0,"pct":20}}
,"/Users/will/Library/Mobile Documents/com~apple~CloudDocs/Projects/Stellar/@stellar/src/components/helpers/theme/theme.tsx": {"lines":{"total":37,"covered":24,"skipped":0,"pct":64.86},"functions":{"total":6,"covered":5,"skipped":0,"pct":83.33},"statements":{"total":37,"covered":24,"skipped":0,"pct":64.86},"branches":{"total":16,"covered":8,"skipped":0,"pct":50}}
,"/Users/will/Library/Mobile Documents/com~apple~CloudDocs/Projects/Stellar/@stellar/src/components/helpers/time/time.tsx": {"lines":{"total":10,"covered":9,"skipped":0,"pct":90},"functions":{"total":4,"covered":4,"skipped":0,"pct":100},"statements":{"total":10,"covered":9,"skipped":0,"pct":90},"branches":{"total":2,"covered":1,"skipped":0,"pct":50}}
,"/Users/will/Library/Mobile Documents/com~apple~CloudDocs/Projects/Stellar/@stellar/src/components/helpers/unit/unit.tsx": {"lines":{"total":12,"covered":11,"skipped":0,"pct":91.67},"functions":{"total":2,"covered":2,"skipped":0,"pct":100},"statements":{"total":12,"covered":11,"skipped":0,"pct":91.67},"branches":{"total":2,"covered":1,"skipped":0,"pct":50}}
,"/Users/will/Library/Mobile Documents/com~apple~CloudDocs/Projects/Stellar/@stellar/src/components/media/360-image/360-image.tsx": {"lines":{"total":17,"covered":10,"skipped":0,"pct":58.82},"functions":{"total":5,"covered":3,"skipped":0,"pct":60},"statements":{"total":17,"covered":10,"skipped":0,"pct":58.82},"branches":{"total":8,"covered":5,"skipped":0,"pct":62.5}}
,"/Users/will/Library/Mobile Documents/com~apple~CloudDocs/Projects/Stellar/@stellar/src/components/media/360-video/360-video.tsx": {"lines":{"total":11,"covered":8,"skipped":0,"pct":72.73},"functions":{"total":3,"covered":3,"skipped":0,"pct":100},"statements":{"total":11,"covered":8,"skipped":0,"pct":72.73},"branches":{"total":4,"covered":3,"skipped":0,"pct":75}}
,"/Users/will/Library/Mobile Documents/com~apple~CloudDocs/Projects/Stellar/@stellar/src/components/media/image/image.tsx": {"lines":{"total":57,"covered":33,"skipped":0,"pct":57.89},"functions":{"total":19,"covered":11,"skipped":0,"pct":57.89},"statements":{"total":57,"covered":33,"skipped":0,"pct":57.89},"branches":{"total":22,"covered":7,"skipped":0,"pct":31.82}}
,"/Users/will/Library/Mobile Documents/com~apple~CloudDocs/Projects/Stellar/@stellar/src/components/media/image/vendor/colorThief.ts": {"lines":{"total":309,"covered":23,"skipped":0,"pct":7.44},"functions":{"total":61,"covered":1,"skipped":0,"pct":1.64},"statements":{"total":340,"covered":24,"skipped":0,"pct":7.06},"branches":{"total":135,"covered":1,"skipped":0,"pct":0.74}}
,"/Users/will/Library/Mobile Documents/com~apple~CloudDocs/Projects/Stellar/@stellar/src/components/media/interview/helpers.ts": {"lines":{"total":73,"covered":17,"skipped":0,"pct":23.29},"functions":{"total":10,"covered":3,"skipped":0,"pct":30},"statements":{"total":78,"covered":17,"skipped":0,"pct":21.79},"branches":{"total":47,"covered":1,"skipped":0,"pct":2.13}}
,"/Users/will/Library/Mobile Documents/com~apple~CloudDocs/Projects/Stellar/@stellar/src/components/media/interview/interview.tsx": {"lines":{"total":70,"covered":26,"skipped":0,"pct":37.14},"functions":{"total":19,"covered":5,"skipped":0,"pct":26.32},"statements":{"total":70,"covered":26,"skipped":0,"pct":37.14},"branches":{"total":38,"covered":4,"skipped":0,"pct":10.53}}
,"/Users/will/Library/Mobile Documents/com~apple~CloudDocs/Projects/Stellar/@stellar/src/components/media/interview-line/interview-line.tsx": {"lines":{"total":6,"covered":6,"skipped":0,"pct":100},"functions":{"total":2,"covered":2,"skipped":0,"pct":100},"statements":{"total":6,"covered":6,"skipped":0,"pct":100},"branches":{"total":0,"covered":0,"skipped":0,"pct":100}}
,"/Users/will/Library/Mobile Documents/com~apple~CloudDocs/Projects/Stellar/@stellar/src/components/media/skeleton-img/skeleton-img.tsx": {"lines":{"total":11,"covered":9,"skipped":0,"pct":81.82},"functions":{"total":4,"covered":2,"skipped":0,"pct":50},"statements":{"total":11,"covered":9,"skipped":0,"pct":81.82},"branches":{"total":5,"covered":3,"skipped":0,"pct":60}}
,"/Users/will/Library/Mobile Documents/com~apple~CloudDocs/Projects/Stellar/@stellar/src/components/media/skeleton-text/skeleton-text.tsx": {"lines":{"total":8,"covered":6,"skipped":0,"pct":75},"functions":{"total":4,"covered":2,"skipped":0,"pct":50},"statements":{"total":8,"covered":6,"skipped":0,"pct":75},"branches":{"total":0,"covered":0,"skipped":0,"pct":100}}
,"/Users/will/Library/Mobile Documents/com~apple~CloudDocs/Projects/Stellar/@stellar/src/components/media/video/video.tsx": {"lines":{"total":56,"covered":24,"skipped":0,"pct":42.86},"functions":{"total":20,"covered":5,"skipped":0,"pct":25},"statements":{"total":56,"covered":24,"skipped":0,"pct":42.86},"branches":{"total":14,"covered":4,"skipped":0,"pct":28.57}}
,"/Users/will/Library/Mobile Documents/com~apple~CloudDocs/Projects/Stellar/@stellar/src/components/media/video-interview/video-interview.tsx": {"lines":{"total":66,"covered":28,"skipped":0,"pct":42.42},"functions":{"total":21,"covered":5,"skipped":0,"pct":23.81},"statements":{"total":66,"covered":28,"skipped":0,"pct":42.42},"branches":{"total":34,"covered":2,"skipped":0,"pct":5.88}}
,"/Users/will/Library/Mobile Documents/com~apple~CloudDocs/Projects/Stellar/@stellar/src/components/motion/blur/blur.tsx": {"lines":{"total":23,"covered":17,"skipped":0,"pct":73.91},"functions":{"total":8,"covered":6,"skipped":0,"pct":75},"statements":{"total":23,"covered":17,"skipped":0,"pct":73.91},"branches":{"total":14,"covered":9,"skipped":0,"pct":64.29}}
,"/Users/will/Library/Mobile Documents/com~apple~CloudDocs/Projects/Stellar/@stellar/src/components/motion/follow/follow.tsx": {"lines":{"total":34,"covered":15,"skipped":0,"pct":44.12},"functions":{"total":13,"covered":6,"skipped":0,"pct":46.15},"statements":{"total":34,"covered":15,"skipped":0,"pct":44.12},"branches":{"total":8,"covered":2,"skipped":0,"pct":25}}
,"/Users/will/Library/Mobile Documents/com~apple~CloudDocs/Projects/Stellar/@stellar/src/components/motion/keyframes/keyframes.tsx": {"lines":{"total":9,"covered":9,"skipped":0,"pct":100},"functions":{"total":4,"covered":4,"skipped":0,"pct":100},"statements":{"total":9,"covered":9,"skipped":0,"pct":100},"branches":{"total":0,"covered":0,"skipped":0,"pct":100}}
,"/Users/will/Library/Mobile Documents/com~apple~CloudDocs/Projects/Stellar/@stellar/src/components/motion/parallax/parallax.tsx": {"lines":{"total":16,"covered":11,"skipped":0,"pct":68.75},"functions":{"total":7,"covered":4,"skipped":0,"pct":57.14},"statements":{"total":16,"covered":11,"skipped":0,"pct":68.75},"branches":{"total":2,"covered":1,"skipped":0,"pct":50}}
,"/Users/will/Library/Mobile Documents/com~apple~CloudDocs/Projects/Stellar/@stellar/src/components/motion/parallax-section/parallax-section.tsx": {"lines":{"total":2,"covered":2,"skipped":0,"pct":100},"functions":{"total":1,"covered":1,"skipped":0,"pct":100},"statements":{"total":2,"covered":2,"skipped":0,"pct":100},"branches":{"total":0,"covered":0,"skipped":0,"pct":100}}
,"/Users/will/Library/Mobile Documents/com~apple~CloudDocs/Projects/Stellar/@stellar/src/components/motion/simple-slides/simple-slides.tsx": {"lines":{"total":33,"covered":11,"skipped":0,"pct":33.33},"functions":{"total":11,"covered":3,"skipped":0,"pct":27.27},"statements":{"total":34,"covered":11,"skipped":0,"pct":32.35},"branches":{"total":19,"covered":3,"skipped":0,"pct":15.79}}
,"/Users/will/Library/Mobile Documents/com~apple~CloudDocs/Projects/Stellar/@stellar/src/components/motion/slide/slide.tsx": {"lines":{"total":11,"covered":7,"skipped":0,"pct":63.64},"functions":{"total":6,"covered":3,"skipped":0,"pct":50},"statements":{"total":11,"covered":7,"skipped":0,"pct":63.64},"branches":{"total":2,"covered":1,"skipped":0,"pct":50}}
,"/Users/will/Library/Mobile Documents/com~apple~CloudDocs/Projects/Stellar/@stellar/src/components/ui/accordion/accordion.tsx": {"lines":{"total":42,"covered":26,"skipped":0,"pct":61.9},"functions":{"total":16,"covered":9,"skipped":0,"pct":56.25},"statements":{"total":42,"covered":26,"skipped":0,"pct":61.9},"branches":{"total":14,"covered":4,"skipped":0,"pct":28.57}}
,"/Users/will/Library/Mobile Documents/com~apple~CloudDocs/Projects/Stellar/@stellar/src/components/ui/avatar/avatar.tsx": {"lines":{"total":34,"covered":31,"skipped":0,"pct":91.18},"functions":{"total":7,"covered":5,"skipped":0,"pct":71.43},"statements":{"total":35,"covered":31,"skipped":0,"pct":88.57},"branches":{"total":24,"covered":18,"skipped":0,"pct":75}}
,"/Users/will/Library/Mobile Documents/com~apple~CloudDocs/Projects/Stellar/@stellar/src/components/ui/breadcrumb/breadcrumb.tsx": {"lines":{"total":17,"covered":15,"skipped":0,"pct":88.24},"functions":{"total":4,"covered":4,"skipped":0,"pct":100},"statements":{"total":17,"covered":15,"skipped":0,"pct":88.24},"branches":{"total":4,"covered":1,"skipped":0,"pct":25}}
,"/Users/will/Library/Mobile Documents/com~apple~CloudDocs/Projects/Stellar/@stellar/src/components/ui/breadcrumbs/breadcrumbs.tsx": {"lines":{"total":21,"covered":19,"skipped":0,"pct":90.48},"functions":{"total":5,"covered":4,"skipped":0,"pct":80},"statements":{"total":21,"covered":19,"skipped":0,"pct":90.48},"branches":{"total":2,"covered":1,"skipped":0,"pct":50}}
,"/Users/will/Library/Mobile Documents/com~apple~CloudDocs/Projects/Stellar/@stellar/src/components/ui/callout/callout.tsx": {"lines":{"total":25,"covered":15,"skipped":0,"pct":60},"functions":{"total":4,"covered":4,"skipped":0,"pct":100},"statements":{"total":25,"covered":15,"skipped":0,"pct":60},"branches":{"total":7,"covered":2,"skipped":0,"pct":28.57}}
,"/Users/will/Library/Mobile Documents/com~apple~CloudDocs/Projects/Stellar/@stellar/src/components/ui/card/card.tsx": {"lines":{"total":68,"covered":24,"skipped":0,"pct":35.29},"functions":{"total":13,"covered":5,"skipped":0,"pct":38.46},"statements":{"total":71,"covered":24,"skipped":0,"pct":33.8},"branches":{"total":29,"covered":11,"skipped":0,"pct":37.93}}
,"/Users/will/Library/Mobile Documents/com~apple~CloudDocs/Projects/Stellar/@stellar/src/components/ui/comment/comment.tsx": {"lines":{"total":15,"covered":12,"skipped":0,"pct":80},"functions":{"total":4,"covered":4,"skipped":0,"pct":100},"statements":{"total":15,"covered":12,"skipped":0,"pct":80},"branches":{"total":6,"covered":3,"skipped":0,"pct":50}}
,"/Users/will/Library/Mobile Documents/com~apple~CloudDocs/Projects/Stellar/@stellar/src/components/ui/comments/comments.tsx": {"lines":{"total":3,"covered":3,"skipped":0,"pct":100},"functions":{"total":1,"covered":1,"skipped":0,"pct":100},"statements":{"total":3,"covered":3,"skipped":0,"pct":100},"branches":{"total":0,"covered":0,"skipped":0,"pct":100}}
,"/Users/will/Library/Mobile Documents/com~apple~CloudDocs/Projects/Stellar/@stellar/src/components/ui/content/content.tsx": {"lines":{"total":22,"covered":9,"skipped":0,"pct":40.91},"functions":{"total":8,"covered":3,"skipped":0,"pct":37.5},"statements":{"total":22,"covered":9,"skipped":0,"pct":40.91},"branches":{"total":10,"covered":3,"skipped":0,"pct":30}}
,"/Users/will/Library/Mobile Documents/com~apple~CloudDocs/Projects/Stellar/@stellar/src/components/ui/copy-wrap/copy-wrap.tsx": {"lines":{"total":5,"covered":5,"skipped":0,"pct":100},"functions":{"total":2,"covered":2,"skipped":0,"pct":100},"statements":{"total":5,"covered":5,"skipped":0,"pct":100},"branches":{"total":0,"covered":0,"skipped":0,"pct":100}}
,"/Users/will/Library/Mobile Documents/com~apple~CloudDocs/Projects/Stellar/@stellar/src/components/ui/dropdown/dropdown.tsx": {"lines":{"total":18,"covered":17,"skipped":0,"pct":94.44},"functions":{"total":5,"covered":4,"skipped":0,"pct":80},"statements":{"total":18,"covered":17,"skipped":0,"pct":94.44},"branches":{"total":4,"covered":2,"skipped":0,"pct":50}}
,"/Users/will/Library/Mobile Documents/com~apple~CloudDocs/Projects/Stellar/@stellar/src/components/ui/grid/grid.tsx": {"lines":{"total":17,"covered":15,"skipped":0,"pct":88.24},"functions":{"total":6,"covered":6,"skipped":0,"pct":100},"statements":{"total":17,"covered":15,"skipped":0,"pct":88.24},"branches":{"total":2,"covered":1,"skipped":0,"pct":50}}
,"/Users/will/Library/Mobile Documents/com~apple~CloudDocs/Projects/Stellar/@stellar/src/components/ui/group/group.tsx": {"lines":{"total":29,"covered":15,"skipped":0,"pct":51.72},"functions":{"total":11,"covered":5,"skipped":0,"pct":45.45},"statements":{"total":29,"covered":15,"skipped":0,"pct":51.72},"branches":{"total":12,"covered":4,"skipped":0,"pct":33.33}}
,"/Users/will/Library/Mobile Documents/com~apple~CloudDocs/Projects/Stellar/@stellar/src/components/ui/group-overflow/group-overflow.tsx": {"lines":{"total":4,"covered":4,"skipped":0,"pct":100},"functions":{"total":2,"covered":2,"skipped":0,"pct":100},"statements":{"total":4,"covered":4,"skipped":0,"pct":100},"branches":{"total":0,"covered":0,"skipped":0,"pct":100}}
,"/Users/will/Library/Mobile Documents/com~apple~CloudDocs/Projects/Stellar/@stellar/src/components/ui/layout/layout.tsx": {"lines":{"total":16,"covered":14,"skipped":0,"pct":87.5},"functions":{"total":5,"covered":5,"skipped":0,"pct":100},"statements":{"total":16,"covered":14,"skipped":0,"pct":87.5},"branches":{"total":0,"covered":0,"skipped":0,"pct":100}}
,"/Users/will/Library/Mobile Documents/com~apple~CloudDocs/Projects/Stellar/@stellar/src/components/ui/message/message.tsx": {"lines":{"total":32,"covered":18,"skipped":0,"pct":56.25},"functions":{"total":5,"covered":3,"skipped":0,"pct":60},"statements":{"total":32,"covered":18,"skipped":0,"pct":56.25},"branches":{"total":18,"covered":8,"skipped":0,"pct":44.44}}
,"/Users/will/Library/Mobile Documents/com~apple~CloudDocs/Projects/Stellar/@stellar/src/components/ui/pagination/pagination.tsx": {"lines":{"total":87,"covered":58,"skipped":0,"pct":66.67},"functions":{"total":33,"covered":20,"skipped":0,"pct":60.61},"statements":{"total":87,"covered":58,"skipped":0,"pct":66.67},"branches":{"total":42,"covered":18,"skipped":0,"pct":42.86}}
,"/Users/will/Library/Mobile Documents/com~apple~CloudDocs/Projects/Stellar/@stellar/src/components/ui/step/step.tsx": {"lines":{"total":13,"covered":8,"skipped":0,"pct":61.54},"functions":{"total":7,"covered":4,"skipped":0,"pct":57.14},"statements":{"total":13,"covered":8,"skipped":0,"pct":61.54},"branches":{"total":2,"covered":1,"skipped":0,"pct":50}}
,"/Users/will/Library/Mobile Documents/com~apple~CloudDocs/Projects/Stellar/@stellar/src/components/ui/steps/steps.tsx": {"lines":{"total":13,"covered":9,"skipped":0,"pct":69.23},"functions":{"total":5,"covered":3,"skipped":0,"pct":60},"statements":{"total":13,"covered":9,"skipped":0,"pct":69.23},"branches":{"total":4,"covered":2,"skipped":0,"pct":50}}
,"/Users/will/Library/Mobile Documents/com~apple~CloudDocs/Projects/Stellar/@stellar/src/components/ui/tab/tab.tsx": {"lines":{"total":58,"covered":23,"skipped":0,"pct":39.66},"functions":{"total":20,"covered":8,"skipped":0,"pct":40},"statements":{"total":58,"covered":23,"skipped":0,"pct":39.66},"branches":{"total":45,"covered":11,"skipped":0,"pct":24.44}}
,"/Users/will/Library/Mobile Documents/com~apple~CloudDocs/Projects/Stellar/@stellar/src/components/ui/table/table.tsx": {"lines":{"total":12,"covered":8,"skipped":0,"pct":66.67},"functions":{"total":5,"covered":4,"skipped":0,"pct":80},"statements":{"total":12,"covered":8,"skipped":0,"pct":66.67},"branches":{"total":10,"covered":4,"skipped":0,"pct":40}}
,"/Users/will/Library/Mobile Documents/com~apple~CloudDocs/Projects/Stellar/@stellar/src/components/ui/tabs/tabs.tsx": {"lines":{"total":41,"covered":25,"skipped":0,"pct":60.98},"functions":{"total":14,"covered":6,"skipped":0,"pct":42.86},"statements":{"total":41,"covered":25,"skipped":0,"pct":60.98},"branches":{"total":18,"covered":6,"skipped":0,"pct":33.33}}
,"/Users/will/Library/Mobile Documents/com~apple~CloudDocs/Projects/Stellar/@stellar/src/components/ui/tag/tag.tsx": {"lines":{"total":12,"covered":12,"skipped":0,"pct":100},"functions":{"total":3,"covered":3,"skipped":0,"pct":100},"statements":{"total":12,"covered":12,"skipped":0,"pct":100},"branches":{"total":0,"covered":0,"skipped":0,"pct":100}}
,"/Users/will/Library/Mobile Documents/com~apple~CloudDocs/Projects/Stellar/@stellar/src/components/ui/tooltip/tooltip.tsx": {"lines":{"total":8,"covered":8,"skipped":0,"pct":100},"functions":{"total":2,"covered":2,"skipped":0,"pct":100},"statements":{"total":8,"covered":8,"skipped":0,"pct":100},"branches":{"total":0,"covered":0,"skipped":0,"pct":100}}
,"/Users/will/Library/Mobile Documents/com~apple~CloudDocs/Projects/Stellar/@stellar/src/utils/colors.ts": {"lines":{"total":1,"covered":1,"skipped":0,"pct":100},"functions":{"total":0,"covered":0,"skipped":0,"pct":100},"statements":{"total":1,"covered":1,"skipped":0,"pct":100},"branches":{"total":0,"covered":0,"skipped":0,"pct":100}}
,"/Users/will/Library/Mobile Documents/com~apple~CloudDocs/Projects/Stellar/@stellar/src/utils/index.ts": {"lines":{"total":101,"covered":58,"skipped":0,"pct":57.43},"functions":{"total":16,"covered":4,"skipped":0,"pct":25},"statements":{"total":108,"covered":60,"skipped":0,"pct":55.56},"branches":{"total":35,"covered":14,"skipped":0,"pct":40}}
}
